<?xml version="1.0" encoding="UTF-8"?>
<testng-results ignored="0" total="1" passed="1" failed="0" skipped="0">
  <reporter-output>
  </reporter-output>
  <suite started-at="2024-06-03T16:43:19Z" name="languageLine" finished-at="2024-06-03T16:43:33Z" duration-ms="13921">
    <groups>
    </groups>
    <test started-at="2024-06-03T16:43:19Z" name="Voice_Of_The_Customer" finished-at="2024-06-03T16:43:33Z" duration-ms="13921">
      <class name="com.languageLine.testCases.TC_VoiceOfTheCustomer_NegativeTests">
        <test-method is-config="true" signature="setup(java.lang.String)[pri:0, instance:com.languageLine.testCases.TC_VoiceOfTheCustomer_NegativeTests@ed7f8b4]" started-at="2024-06-03T16:43:19Z" name="setup" finished-at="2024-06-03T16:43:26Z" duration-ms="6419" status="PASS">
          <params>
            <param index="0">
              <value>
                <![CDATA[firefox]]>
              </value>
            </param>
          </params>
          <reporter-output>
          </reporter-output>
        </test-method> <!-- setup -->
        <test-method signature="clickGetAQuoteButton()[pri:0, instance:com.languageLine.testCases.TC_VoiceOfTheCustomer_NegativeTests@ed7f8b4]" started-at="2024-06-03T16:43:26Z" name="clickGetAQuoteButton" finished-at="2024-06-03T16:43:32Z" duration-ms="6282" status="PASS">
          <reporter-output>
          </reporter-output>
        </test-method> <!-- clickGetAQuoteButton -->
        <test-method is-config="true" signature="tearDown()[pri:0, instance:com.languageLine.testCases.TC_VoiceOfTheCustomer_NegativeTests@ed7f8b4]" started-at="2024-06-03T16:43:32Z" name="tearDown" finished-at="2024-06-03T16:43:33Z" duration-ms="1008" status="PASS">
          <reporter-output>
          </reporter-output>
        </test-method> <!-- tearDown -->
      </class> <!-- com.languageLine.testCases.TC_VoiceOfTheCustomer_NegativeTests -->
    </test> <!-- Voice_Of_The_Customer -->
  </suite> <!-- languageLine -->
</testng-results>
