<?xml version="1.0" encoding="UTF-8"?>
<testsuite xmlns:xsi="http://www.w3.org/2001/XMLSchema-instance" xsi:noNamespaceSchemaLocation="https://maven.apache.org/surefire/maven-surefire-plugin/xsd/surefire-test-report-3.0.xsd" version="3.0" name="TestSuite" time="14.946" tests="1" errors="0" skipped="0" failures="0">
  <properties>
[...]
</properties>
  <testcase name="clickGetAQuoteButton" classname="com.languageLine.testCases.TC_VoiceOfTheCustomer_NegativeTests" time="5.604">
    <system-err><![CDATA[1718074274120	geckodriver	INFO	Listening on 127.0.0.1:63797
1718074274261	mozrunner::runner	INFO	Running command: "C:\\Program Files\\Mozilla Firefox\\firefox.exe" "--marionette" "-no-remote" "-profile" "C:\\Users\\17143\\AppData\\Local\\Temp\\rust_mozprofileOgKMjJ"
console.warn: services.settings: Ignoring preference override of remote settings server
console.warn: services.settings: Allow by setting MOZ_REMOTE_SETTINGS_DEVTOOLS=1 in the environment
1718074274697	Marionette	INFO	Marionette enabled
Dynamically enable window occlusion 0
1718074275063	Marionette	INFO	Listening on port 58688
1718074275283	RemoteAgent	WARN	TLS certificate errors will be ignored for this session
Jun 10, 2024 7:51:16 PM org.openqa.selenium.remote.ProtocolHandshake createSession
INFO: Detected dialect: W3C
JavaScript error: https://www.mercuryinsurance.com/, line 371: TypeError: dots[(slideIndex - 1)] is undefined
console.warn: LoginRecipes: "Falling back to a synchronous message for: https://www.mercuryinsurance.com."
JavaScript warning: https://buy.mercuryinsurance.com/assets/js/jquery.min.js, line 2: Using //@ to indicate sourceMappingURL pragmas is deprecated. Use //# instead
console.error: ({})
]]></system-err>
  </testcase>
</testsuite>