<?xml version="1.0" encoding="UTF-8"?>
<testng-results ignored="0" total="1" passed="1" failed="0" skipped="0">
  <reporter-output>
  </reporter-output>
  <suite started-at="2024-06-11T02:51:13Z" name="languageLine" finished-at="2024-06-11T02:51:28Z" duration-ms="14573">
    <groups>
    </groups>
    <test started-at="2024-06-11T02:51:13Z" name="Voice_Of_The_Customer" finished-at="2024-06-11T02:51:28Z" duration-ms="14573">
      <class name="com.languageLine.testCases.TC_VoiceOfTheCustomer_NegativeTests">
        <test-method is-config="true" signature="setup(java.lang.String)[pri:0, instance:com.languageLine.testCases.TC_VoiceOfTheCustomer_NegativeTests@b62fe6d]" started-at="2024-06-11T02:51:13Z" name="setup" finished-at="2024-06-11T02:51:21Z" duration-ms="7886" status="PASS">
          <params>
            <param index="0">
              <value>
                <![CDATA[firefox]]>
              </value>
            </param>
          </params>
          <reporter-output>
          </reporter-output>
        </test-method> <!-- setup -->
        <test-method signature="clickGetAQuoteButton()[pri:0, instance:com.languageLine.testCases.TC_VoiceOfTheCustomer_NegativeTests@b62fe6d]" started-at="2024-06-11T02:51:21Z" name="clickGetAQuoteButton" finished-at="2024-06-11T02:51:27Z" duration-ms="5605" status="PASS">
          <reporter-output>
          </reporter-output>
        </test-method> <!-- clickGetAQuoteButton -->
        <test-method is-config="true" signature="tearDown()[pri:0, instance:com.languageLine.testCases.TC_VoiceOfTheCustomer_NegativeTests@b62fe6d]" started-at="2024-06-11T02:51:27Z" name="tearDown" finished-at="2024-06-11T02:51:28Z" duration-ms="969" status="PASS">
          <reporter-output>
          </reporter-output>
        </test-method> <!-- tearDown -->
      </class> <!-- com.languageLine.testCases.TC_VoiceOfTheCustomer_NegativeTests -->
    </test> <!-- Voice_Of_The_Customer -->
  </suite> <!-- languageLine -->
</testng-results>
